2023-03-21 10:21:46.061  INFO 3404 --- [main] e.t.TutorialmanagementApplication        : Starting TutorialmanagementApplication using Java 17.0.6 on DESKTOP-225H6TM with PID 3404 (E:\SpringBootFiles\tutorialmanagement\target\classes started by Abhay in E:\SpringBootFiles\tutorialmanagement)
2023-03-21 10:21:46.085  INFO 3404 --- [main] e.t.TutorialmanagementApplication        : No active profile set, falling back to 1 default profile: "default"
2023-03-21 10:21:47.642  INFO 3404 --- [main] .s.d.r.c.RepositoryConfigurationDelegate : Bootstrapping Spring Data JPA repositories in DEFAULT mode.
2023-03-21 10:21:47.767  INFO 3404 --- [main] .s.d.r.c.RepositoryConfigurationDelegate : Finished Spring Data repository scanning in 100 ms. Found 1 JPA repository interfaces.
2023-03-21 10:21:49.387  INFO 3404 --- [main] o.s.b.w.embedded.tomcat.TomcatWebServer  : Tomcat initialized with port(s): 9193 (http)
2023-03-21 10:21:49.434  INFO 3404 --- [main] o.apache.catalina.core.StandardService   : Starting service [Tomcat]
2023-03-21 10:21:49.437  INFO 3404 --- [main] org.apache.catalina.core.StandardEngine  : Starting Servlet engine: [Apache Tomcat/9.0.71]
2023-03-21 10:21:49.671  INFO 3404 --- [main] o.a.c.c.C.[Tomcat].[localhost].[/]       : Initializing Spring embedded WebApplicationContext
2023-03-21 10:21:49.672  INFO 3404 --- [main] w.s.c.ServletWebServerApplicationContext : Root WebApplicationContext: initialization completed in 3407 ms
2023-03-21 10:21:49.777  INFO 3404 --- [main] com.zaxxer.hikari.HikariDataSource       : HikariPool-1 - Starting...
2023-03-21 10:21:50.291  INFO 3404 --- [main] com.zaxxer.hikari.HikariDataSource       : HikariPool-1 - Start completed.
2023-03-21 10:21:50.326  INFO 3404 --- [main] o.s.b.a.h2.H2ConsoleAutoConfiguration    : H2 console available at '/h2'. Database available at 'jdbc:h2:mem:gunjan'
2023-03-21 10:21:50.935  INFO 3404 --- [main] o.hibernate.jpa.internal.util.LogHelper  : HHH000204: Processing PersistenceUnitInfo [name: default]
2023-03-21 10:21:51.203  INFO 3404 --- [main] org.hibernate.Version                    : HHH000412: Hibernate ORM core version 5.6.15.Final
2023-03-21 10:21:51.563  INFO 3404 --- [main] o.hibernate.annotations.common.Version   : HCANN000001: Hibernate Commons Annotations {5.1.2.Final}
2023-03-21 10:21:51.738  INFO 3404 --- [main] org.hibernate.dialect.Dialect            : HHH000400: Using dialect: org.hibernate.dialect.H2Dialect
2023-03-21 10:21:52.155  INFO 3404 --- [main] org.hibernate.tuple.PojoInstantiator     : HHH000182: No default (no-argument) constructor for class: edu.tutorial.entity.Tutorial (class must be instantiated by Interceptor)
2023-03-21 10:21:52.581  INFO 3404 --- [main] o.h.e.t.j.p.i.JtaPlatformInitiator       : HHH000490: Using JtaPlatform implementation: [org.hibernate.engine.transaction.jta.platform.internal.NoJtaPlatform]
2023-03-21 10:21:52.600  INFO 3404 --- [main] j.LocalContainerEntityManagerFactoryBean : Initialized JPA EntityManagerFactory for persistence unit 'default'
2023-03-21 10:21:53.243  WARN 3404 --- [main] JpaBaseConfiguration$JpaWebConfiguration : spring.jpa.open-in-view is enabled by default. Therefore, database queries may be performed during view rendering. Explicitly configure spring.jpa.open-in-view to disable this warning
2023-03-21 10:21:53.831  INFO 3404 --- [main] o.s.b.w.embedded.tomcat.TomcatWebServer  : Tomcat started on port(s): 9193 (http) with context path ''
2023-03-21 10:21:53.851  INFO 3404 --- [main] e.t.TutorialmanagementApplication        : Started TutorialmanagementApplication in 8.731 seconds (JVM running for 10.529)
2023-03-21 10:21:54.096  INFO 3404 --- [main] ConditionEvaluationReportLoggingListener : 

Error starting ApplicationContext. To display the conditions report re-run your application with 'debug' enabled.
2023-03-21 10:21:54.130 ERROR 3404 --- [main] o.s.boot.SpringApplication               : Application run failed

java.lang.IllegalStateException: Failed to execute CommandLineRunner
	at org.springframework.boot.SpringApplication.callRunner(SpringApplication.java:771) ~[spring-boot-2.7.9.jar:2.7.9]
	at org.springframework.boot.SpringApplication.callRunners(SpringApplication.java:752) ~[spring-boot-2.7.9.jar:2.7.9]
	at org.springframework.boot.SpringApplication.run(SpringApplication.java:314) ~[spring-boot-2.7.9.jar:2.7.9]
	at org.springframework.boot.SpringApplication.run(SpringApplication.java:1303) ~[spring-boot-2.7.9.jar:2.7.9]
	at org.springframework.boot.SpringApplication.run(SpringApplication.java:1292) ~[spring-boot-2.7.9.jar:2.7.9]
	at edu.tutorial.TutorialmanagementApplication.main(TutorialmanagementApplication.java:19) ~[classes/:na]
Caused by: edu.tutorial.exception.TutorialException: String contain Capital Letter
	at edu.tutorial.TutorialmanagementApplication.run(TutorialmanagementApplication.java:53) ~[classes/:na]
	at org.springframework.boot.SpringApplication.callRunner(SpringApplication.java:768) ~[spring-boot-2.7.9.jar:2.7.9]
	... 5 common frames omitted

2023-03-21 10:21:54.169  INFO 3404 --- [main] j.LocalContainerEntityManagerFactoryBean : Closing JPA EntityManagerFactory for persistence unit 'default'
2023-03-21 10:21:54.171  INFO 3404 --- [main] com.zaxxer.hikari.HikariDataSource       : HikariPool-1 - Shutdown initiated...
2023-03-21 10:21:54.175  INFO 3404 --- [main] com.zaxxer.hikari.HikariDataSource       : HikariPool-1 - Shutdown completed.
