2023-03-06 14:17:45.266  INFO 4436 --- [main] e.t.TutorialmanagementApplication        : Starting TutorialmanagementApplication v0.0.1-SNAPSHOT using Java 17.0.4 on SONY with PID 4436 (E:\batch_kalai\19thcollection\tutorialmanagement\target\tutorialmanagement-0.0.1-SNAPSHOT.jar started by SONY in E:\batch_kalai\19thcollection\tutorialmanagement\target)
2023-03-06 14:17:45.269  INFO 4436 --- [main] e.t.TutorialmanagementApplication        : No active profile set, falling back to 1 default profile: "default"
2023-03-06 14:17:45.884  INFO 4436 --- [main] .s.d.r.c.RepositoryConfigurationDelegate : Bootstrapping Spring Data JPA repositories in DEFAULT mode.
2023-03-06 14:17:45.934  INFO 4436 --- [main] .s.d.r.c.RepositoryConfigurationDelegate : Finished Spring Data repository scanning in 41 ms. Found 1 JPA repository interfaces.
2023-03-06 14:17:46.607  INFO 4436 --- [main] o.s.b.w.embedded.tomcat.TomcatWebServer  : Tomcat initialized with port(s): 9999 (http)
2023-03-06 14:17:46.616  INFO 4436 --- [main] o.apache.catalina.core.StandardService   : Starting service [Tomcat]
2023-03-06 14:17:46.616  INFO 4436 --- [main] org.apache.catalina.core.StandardEngine  : Starting Servlet engine: [Apache Tomcat/9.0.71]
2023-03-06 14:17:46.681  INFO 4436 --- [main] o.a.c.c.C.[Tomcat].[localhost].[/]       : Initializing Spring embedded WebApplicationContext
2023-03-06 14:17:46.682  INFO 4436 --- [main] w.s.c.ServletWebServerApplicationContext : Root WebApplicationContext: initialization completed in 1354 ms
2023-03-06 14:17:46.712  INFO 4436 --- [main] com.zaxxer.hikari.HikariDataSource       : HikariPool-1 - Starting...
2023-03-06 14:17:46.916  INFO 4436 --- [main] com.zaxxer.hikari.HikariDataSource       : HikariPool-1 - Start completed.
2023-03-06 14:17:46.925  INFO 4436 --- [main] o.s.b.a.h2.H2ConsoleAutoConfiguration    : H2 console available at '/h2'. Database available at 'jdbc:h2:mem:gunjan'
2023-03-06 14:17:47.249  INFO 4436 --- [main] o.hibernate.jpa.internal.util.LogHelper  : HHH000204: Processing PersistenceUnitInfo [name: default]
2023-03-06 14:17:47.295  INFO 4436 --- [main] org.hibernate.Version                    : HHH000412: Hibernate ORM core version 5.6.15.Final
2023-03-06 14:17:47.497  INFO 4436 --- [main] o.hibernate.annotations.common.Version   : HCANN000001: Hibernate Commons Annotations {5.1.2.Final}
2023-03-06 14:17:47.639  INFO 4436 --- [main] org.hibernate.dialect.Dialect            : HHH000400: Using dialect: org.hibernate.dialect.H2Dialect
2023-03-06 14:17:48.122  INFO 4436 --- [main] o.h.e.t.j.p.i.JtaPlatformInitiator       : HHH000490: Using JtaPlatform implementation: [org.hibernate.engine.transaction.jta.platform.internal.NoJtaPlatform]
2023-03-06 14:17:48.129  INFO 4436 --- [main] j.LocalContainerEntityManagerFactoryBean : Initialized JPA EntityManagerFactory for persistence unit 'default'
2023-03-06 14:17:48.583  WARN 4436 --- [main] JpaBaseConfiguration$JpaWebConfiguration : spring.jpa.open-in-view is enabled by default. Therefore, database queries may be performed during view rendering. Explicitly configure spring.jpa.open-in-view to disable this warning
2023-03-06 14:17:49.160  INFO 4436 --- [main] o.s.b.w.embedded.tomcat.TomcatWebServer  : Tomcat started on port(s): 9999 (http) with context path ''
2023-03-06 14:17:49.174  INFO 4436 --- [main] e.t.TutorialmanagementApplication        : Started TutorialmanagementApplication in 4.358 seconds (JVM running for 4.833)
2023-03-06 14:17:58.311  INFO 4436 --- [http-nio-9999-exec-1] o.a.c.c.C.[Tomcat].[localhost].[/]       : Initializing Spring DispatcherServlet 'dispatcherServlet'
2023-03-06 14:17:58.312  INFO 4436 --- [http-nio-9999-exec-1] o.s.web.servlet.DispatcherServlet        : Initializing Servlet 'dispatcherServlet'
2023-03-06 14:17:58.313  INFO 4436 --- [http-nio-9999-exec-1] o.s.web.servlet.DispatcherServlet        : Completed initialization in 1 ms
